<?xml version="1.0" encoding="UTF-8"?>
<!-- Generated by org.testng.reporters.JUnitReportReporter -->
<testsuite ignored="0" hostname="430G5" failures="0" tests="8" name="hw1.DivisionTest" time="0.004" errors="0" timestamp="14 мар. 2021 18:33:47 GMT" skipped="1">
  <testcase classname="hw1.DivisionTest" name="testDivLong" time="0.000">
    <skipped/>
  </testcase> <!-- testDivLong -->
  <testcase classname="hw1.DivisionTest" name="testDivDoubles" time="0.000"/>
  <testcase classname="hw1.DivisionTest" name="testDivDoubles" time="0.001"/>
  <testcase classname="hw1.DivisionTest" name="testDivDoubles" time="0.001"/>
  <testcase classname="hw1.DivisionTest" name="testDivDoubles" time="0.001"/>
  <testcase classname="hw1.DivisionTest" name="testDivDoubles" time="0.000"/>
  <testcase classname="hw1.DivisionTest" name="testDivDoubles" time="0.000"/>
  <testcase classname="hw1.DivisionTest" name="testDivDoubles" time="0.001"/>
</testsuite> <!-- hw1.DivisionTest -->
