<?xml version="1.0" encoding="UTF-8"?>
<!-- Generated by org.testng.reporters.JUnitReportReporter -->
<testsuite ignored="0" hostname="430G5" failures="0" tests="12" name="hw1.AdditionTest" time="0.012" errors="0" timestamp="14 мар. 2021 18:32:53 GMT" skipped="0">
  <testcase classname="hw1.AdditionTest" name="testAddLong" time="0.000"/>
  <testcase classname="hw1.AdditionTest" name="testAddLong" time="0.001"/>
  <testcase classname="hw1.AdditionTest" name="testAddDoubles" time="0.000"/>
  <testcase classname="hw1.AdditionTest" name="testAddDoubles" time="0.000"/>
  <testcase classname="hw1.AdditionTest" name="testAddDoubles" time="0.000"/>
  <testcase classname="hw1.AdditionTest" name="testAddDoubles" time="0.000"/>
  <testcase classname="hw1.AdditionTest" name="testAddDoubles" time="0.001"/>
  <testcase classname="hw1.AdditionTest" name="testAddLong" time="0.000"/>
  <testcase classname="hw1.AdditionTest" name="testAddLong" time="0.000"/>
  <testcase classname="hw1.AdditionTest" name="testAddDoubles" time="0.010"/>
  <testcase classname="hw1.AdditionTest" name="testAddLong" time="0.000"/>
  <testcase classname="hw1.AdditionTest" name="testAddDoubles" time="0.000"/>
</testsuite> <!-- hw1.AdditionTest -->
