<?xml version="1.0" encoding="UTF-8"?>
<!-- Generated by org.testng.reporters.JUnitReportReporter -->
<testsuite ignored="0" hostname="430G5" failures="0" tests="15" name="hw1.SubtractionTest" time="0.006" errors="0" timestamp="14 мар. 2021 18:32:53 GMT" skipped="0">
  <testcase classname="hw1.SubtractionTest" name="testSubDoubles" time="0.000"/>
  <testcase classname="hw1.SubtractionTest" name="testSubLong" time="0.000"/>
  <testcase classname="hw1.SubtractionTest" name="testSubLong" time="0.000"/>
  <testcase classname="hw1.SubtractionTest" name="testSubLong" time="0.000"/>
  <testcase classname="hw1.SubtractionTest" name="testSubDoubles" time="0.001"/>
  <testcase classname="hw1.SubtractionTest" name="testSubLong" time="0.001"/>
  <testcase classname="hw1.SubtractionTest" name="testSubDoubles" time="0.001"/>
  <testcase classname="hw1.SubtractionTest" name="testSubLong" time="0.000"/>
  <testcase classname="hw1.SubtractionTest" name="testSubDoubles" time="0.000"/>
  <testcase classname="hw1.SubtractionTest" name="testSubDoubles" time="0.001"/>
  <testcase classname="hw1.SubtractionTest" name="testSubLong" time="0.001"/>
  <testcase classname="hw1.SubtractionTest" name="testSubDoubles" time="0.000"/>
  <testcase classname="hw1.SubtractionTest" name="testSubDoubles" time="0.001"/>
  <testcase classname="hw1.SubtractionTest" name="testSubDoubles" time="0.000"/>
  <testcase classname="hw1.SubtractionTest" name="testSubDoubles" time="0.000"/>
</testsuite> <!-- hw1.SubtractionTest -->
